This is pdfTeX, Version 3.141592653-2.6-1.40.24 (TeX Live 2022) (preloaded format=pdflatex 2022.7.26)  26 JUL 2022 12:21
entering extended mode
 restricted \write18 enabled.
 %&-line parsing enabled.
**Thesis_WriteUp.tex
(./Thesis_WriteUp.tex
LaTeX2e <2022-06-01> patch level 5
L3 programming layer <2022-07-15> (/Users/pablo/Library/TinyTeX/texmf-dist/tex/latex/elsarticle/elsarticle.cls
Document Class: elsarticle 2020/11/20, 3.3: Elsevier Ltd
(/Users/pablo/Library/TinyTeX/texmf-dist/tex/latex/l3kernel/expl3.sty
Package: expl3 2022-07-15 L3 programming layer (loader) 
(/Users/pablo/Library/TinyTeX/texmf-dist/tex/latex/l3backend/l3backend-pdftex.def
File: l3backend-pdftex.def 2022-07-01 L3 backend support: PDF output (pdfTeX)
\l__color_backend_stack_int=\count185
\l__pdf_internal_box=\box51
)) (/Users/pablo/Library/TinyTeX/texmf-dist/tex/latex/l3packages/xparse/xparse.sty
Package: xparse 2022-06-22 L3 Experimental document command parser
) (/Users/pablo/Library/TinyTeX/texmf-dist/tex/latex/etoolbox/etoolbox.sty
Package: etoolbox 2020/10/05 v2.5k e-TeX tools for LaTeX (JAW)
\etb@tempcnta=\count186
)
\@bls=\dimen138
(/Users/pablo/Library/TinyTeX/texmf-dist/tex/latex/base/article.cls
Document Class: article 2021/10/04 v1.4n Standard LaTeX document class
(/Users/pablo/Library/TinyTeX/texmf-dist/tex/latex/base/size11.clo
File: size11.clo 2021/10/04 v1.4n Standard LaTeX file (size option)
)
\c@part=\count187
\c@section=\count188
\c@subsection=\count189
\c@subsubsection=\count190
\c@paragraph=\count191
\c@subparagraph=\count192
\c@figure=\count193
\c@table=\count194
\abovecaptionskip=\skip47
\belowcaptionskip=\skip48
\bibindent=\dimen139
) (/Users/pablo/Library/TinyTeX/texmf-dist/tex/latex/graphics/graphicx.sty
Package: graphicx 2021/09/16 v1.2d Enhanced LaTeX Graphics (DPC,SPQR)
(/Users/pablo/Library/TinyTeX/texmf-dist/tex/latex/graphics/keyval.sty
Package: keyval 2022/05/29 v1.15 key=value parser (DPC)
\KV@toks@=\toks16
) (/Users/pablo/Library/TinyTeX/texmf-dist/tex/latex/graphics/graphics.sty
Package: graphics 2022/03/10 v1.4e Standard LaTeX Graphics (DPC,SPQR)
(/Users/pablo/Library/TinyTeX/texmf-dist/tex/latex/graphics/trig.sty
Package: trig 2021/08/11 v1.11 sin cos tan (DPC)
) (/Users/pablo/Library/TinyTeX/texmf-dist/tex/latex/graphics-cfg/graphics.cfg
File: graphics.cfg 2016/06/04 v1.11 sample graphics configuration
)
Package graphics Info: Driver file: pdftex.def on input line 107.
(/Users/pablo/Library/TinyTeX/texmf-dist/tex/latex/graphics-def/pdftex.def
File: pdftex.def 2020/10/05 v1.2a Graphics/color driver for pdftex
))
\Gin@req@height=\dimen140
\Gin@req@width=\dimen141
)
\c@tnote=\count195
\c@fnote=\count196
\c@cnote=\count197
\c@ead=\count198
\c@author=\count199
\@eadauthor=\toks17
\c@affn=\count266
\absbox=\box52
\elsarticlehighlightsbox=\box53
\elsarticlegrabsbox=\box54
\keybox=\box55
\Columnwidth=\dimen142
\space@left=\dimen143
\els@boxa=\box56
\els@boxb=\box57
\leftMargin=\dimen144
\@enLab=\toks18
\@sep=\skip49
\@@sep=\skip50
(./Thesis_WriteUp.spl) (/Users/pablo/Library/TinyTeX/texmf-dist/tex/latex/natbib/natbib.sty
Package: natbib 2010/09/13 8.31b (PWD, AO)
\bibhang=\skip51
\bibsep=\skip52
LaTeX Info: Redefining \cite on input line 694.
\c@NAT@ctr=\count267
)
\splwrite=\write3
\openout3 = `Thesis_WriteUp.spl'.

\appnamewidth=\dimen145
) (/Users/pablo/Library/TinyTeX/texmf-dist/tex/latex/lm/lmodern.sty
Package: lmodern 2015/05/01 v1.6.1 Latin Modern Fonts
LaTeX Font Info:    Overwriting symbol font `operators' in version `normal'
(Font)                  OT1/cmr/m/n --> OT1/lmr/m/n on input line 22.
LaTeX Font Info:    Overwriting symbol font `letters' in version `normal'
(Font)                  OML/cmm/m/it --> OML/lmm/m/it on input line 23.
LaTeX Font Info:    Overwriting symbol font `symbols' in version `normal'
(Font)                  OMS/cmsy/m/n --> OMS/lmsy/m/n on input line 24.
LaTeX Font Info:    Overwriting symbol font `largesymbols' in version `normal'
(Font)                  OMX/cmex/m/n --> OMX/lmex/m/n on input line 25.
LaTeX Font Info:    Overwriting symbol font `operators' in version `bold'
(Font)                  OT1/cmr/bx/n --> OT1/lmr/bx/n on input line 26.
LaTeX Font Info:    Overwriting symbol font `letters' in version `bold'
(Font)                  OML/cmm/b/it --> OML/lmm/b/it on input line 27.
LaTeX Font Info:    Overwriting symbol font `symbols' in version `bold'
(Font)                  OMS/cmsy/b/n --> OMS/lmsy/b/n on input line 28.
LaTeX Font Info:    Overwriting symbol font `largesymbols' in version `bold'
(Font)                  OMX/cmex/m/n --> OMX/lmex/m/n on input line 29.
LaTeX Font Info:    Overwriting math alphabet `\mathbf' in version `normal'
(Font)                  OT1/cmr/bx/n --> OT1/lmr/bx/n on input line 31.
LaTeX Font Info:    Overwriting math alphabet `\mathsf' in version `normal'
(Font)                  OT1/cmss/m/n --> OT1/lmss/m/n on input line 32.
LaTeX Font Info:    Overwriting math alphabet `\mathit' in version `normal'
(Font)                  OT1/cmr/m/it --> OT1/lmr/m/it on input line 33.
LaTeX Font Info:    Overwriting math alphabet `\mathtt' in version `normal'
(Font)                  OT1/cmtt/m/n --> OT1/lmtt/m/n on input line 34.
LaTeX Font Info:    Overwriting math alphabet `\mathbf' in version `bold'
(Font)                  OT1/cmr/bx/n --> OT1/lmr/bx/n on input line 35.
LaTeX Font Info:    Overwriting math alphabet `\mathsf' in version `bold'
(Font)                  OT1/cmss/bx/n --> OT1/lmss/bx/n on input line 36.
LaTeX Font Info:    Overwriting math alphabet `\mathit' in version `bold'
(Font)                  OT1/cmr/bx/it --> OT1/lmr/bx/it on input line 37.
LaTeX Font Info:    Overwriting math alphabet `\mathtt' in version `bold'
(Font)                  OT1/cmtt/m/n --> OT1/lmtt/m/n on input line 38.
) (/Users/pablo/Library/TinyTeX/texmf-dist/tex/latex/setspace/setspace.sty
Package: setspace 2011/12/19 v6.7a set line spacing
) (/Users/pablo/Library/TinyTeX/texmf-dist/tex/latex/float/float.sty
Package: float 2001/11/08 v1.3d Float enhancements (AL)
\c@float@type=\count268
\float@exts=\toks19
\float@box=\box58
\@float@everytoks=\toks20
\@floatcapt=\box59
) (/Users/pablo/Library/TinyTeX/texmf-dist/tex/generic/iftex/ifxetex.sty
Package: ifxetex 2019/10/25 v0.7 ifxetex legacy package. Use iftex instead.
(/Users/pablo/Library/TinyTeX/texmf-dist/tex/generic/iftex/iftex.sty
Package: iftex 2022/02/03 v1.0f TeX engine tests
)) (/Users/pablo/Library/TinyTeX/texmf-dist/tex/generic/iftex/ifluatex.sty
Package: ifluatex 2019/10/25 v1.5 ifluatex legacy package. Use iftex instead.
) (/Users/pablo/Library/TinyTeX/texmf-dist/tex/latex/base/fixltx2e.sty
Package: fixltx2e 2016/12/29 v2.1a fixes to LaTeX (obsolete)
Applying: [2015/01/01] Old fixltx2e package on input line 46.

Package fixltx2e Warning: fixltx2e is not required with releases after 2015
(fixltx2e)                All fixes are now in the LaTeX kernel.
(fixltx2e)                See the latexrelease package for details.

Already applied: [0000/00/00] Old fixltx2e package on input line 53.
) (/Users/pablo/Library/TinyTeX/texmf-dist/tex/latex/base/fontenc.sty
Package: fontenc 2021/04/29 v2.0v Standard LaTeX package
LaTeX Font Info:    Trying to load font information for T1+lmr on input line 112.
(/Users/pablo/Library/TinyTeX/texmf-dist/tex/latex/lm/t1lmr.fd
File: t1lmr.fd 2015/05/01 v1.6.1 Font defs for Latin Modern
)) (/Users/pablo/Library/TinyTeX/texmf-dist/tex/latex/base/inputenc.sty
Package: inputenc 2021/02/14 v1.3d Input encoding file
\inpenc@prehook=\toks21
\inpenc@posthook=\toks22
) (/Users/pablo/Library/TinyTeX/texmf-dist/tex/latex/amsfonts/amssymb.sty
Package: amssymb 2013/01/14 v3.01 AMS font symbols
(/Users/pablo/Library/TinyTeX/texmf-dist/tex/latex/amsfonts/amsfonts.sty
Package: amsfonts 2013/01/14 v3.01 Basic AMSFonts support
\@emptytoks=\toks23
\symAMSa=\mathgroup4
\symAMSb=\mathgroup5
LaTeX Font Info:    Redeclaring math symbol \hbar on input line 98.
LaTeX Font Info:    Overwriting math alphabet `\mathfrak' in version `bold'
(Font)                  U/euf/m/n --> U/euf/b/n on input line 106.
)) (/Users/pablo/Library/TinyTeX/texmf-dist/tex/latex/amsmath/amsmath.sty
Package: amsmath 2022/04/08 v2.17n AMS math features
\@mathmargin=\skip53
For additional information on amsmath, use the `?' option.
(/Users/pablo/Library/TinyTeX/texmf-dist/tex/latex/amsmath/amstext.sty
Package: amstext 2021/08/26 v2.01 AMS text
(/Users/pablo/Library/TinyTeX/texmf-dist/tex/latex/amsmath/amsgen.sty
File: amsgen.sty 1999/11/30 v2.0 generic functions
\@emptytoks=\toks24
\ex@=\dimen146
)) (/Users/pablo/Library/TinyTeX/texmf-dist/tex/latex/amsmath/amsbsy.sty
Package: amsbsy 1999/11/29 v1.2d Bold Symbols
\pmbraise@=\dimen147
) (/Users/pablo/Library/TinyTeX/texmf-dist/tex/latex/amsmath/amsopn.sty
Package: amsopn 2022/04/08 v2.04 operator names
)
\inf@bad=\count269
LaTeX Info: Redefining \frac on input line 234.
\uproot@=\count270
\leftroot@=\count271
LaTeX Info: Redefining \overline on input line 399.
LaTeX Info: Redefining \colon on input line 410.
\classnum@=\count272
\DOTSCASE@=\count273
LaTeX Info: Redefining \ldots on input line 496.
LaTeX Info: Redefining \dots on input line 499.
LaTeX Info: Redefining \cdots on input line 620.
\Mathstrutbox@=\box60
\strutbox@=\box61
LaTeX Info: Redefining \big on input line 722.
LaTeX Info: Redefining \Big on input line 723.
LaTeX Info: Redefining \bigg on input line 724.
LaTeX Info: Redefining \Bigg on input line 725.
\big@size=\dimen148
LaTeX Font Info:    Redeclaring font encoding OML on input line 743.
LaTeX Font Info:    Redeclaring font encoding OMS on input line 744.
\macc@depth=\count274
LaTeX Info: Redefining \bmod on input line 905.
LaTeX Info: Redefining \pmod on input line 910.
LaTeX Info: Redefining \smash on input line 940.
LaTeX Info: Redefining \relbar on input line 970.
LaTeX Info: Redefining \Relbar on input line 971.
\c@MaxMatrixCols=\count275
\dotsspace@=\muskip16
\c@parentequation=\count276
\dspbrk@lvl=\count277
\tag@help=\toks25
\row@=\count278
\column@=\count279
\maxfields@=\count280
\andhelp@=\toks26
\eqnshift@=\dimen149
\alignsep@=\dimen150
\tagshift@=\dimen151
\tagwidth@=\dimen152
\totwidth@=\dimen153
\lineht@=\dimen154
\@envbody=\toks27
\multlinegap=\skip54
\multlinetaggap=\skip55
\mathdisplay@stack=\toks28
LaTeX Info: Redefining \[ on input line 2953.
LaTeX Info: Redefining \] on input line 2954.
) (/Users/pablo/Library/TinyTeX/texmf-dist/tex/latex/amscls/amsthm.sty
Package: amsthm 2020/05/29 v2.20.6
\thm@style=\toks29
\thm@bodyfont=\toks30
\thm@headfont=\toks31
\thm@notefont=\toks32
\thm@headpunct=\toks33
\thm@preskip=\skip56
\thm@postskip=\skip57
\thm@headsep=\skip58
\dth@everypar=\toks34
LaTeX Info: Redefining \qed on input line 273.
) (/Users/pablo/Library/TinyTeX/texmf-dist/tex/latex/tools/longtable.sty
Package: longtable 2021-09-01 v4.17 Multi-page Table package (DPC)
\LTleft=\skip59
\LTright=\skip60
\LTpre=\skip61
\LTpost=\skip62
\LTchunksize=\count281
\LTcapwidth=\dimen155
\LT@head=\box62
\LT@firsthead=\box63
\LT@foot=\box64
\LT@lastfoot=\box65
\LT@gbox=\box66
\LT@cols=\count282
\LT@rows=\count283
\c@LT@tables=\count284
\c@LT@chunks=\count285
\LT@p@ftn=\toks35
) (/Users/pablo/Library/TinyTeX/texmf-dist/tex/latex/geometry/geometry.sty
Package: geometry 2020/01/02 v5.9 Page Geometry
(/Users/pablo/Library/TinyTeX/texmf-dist/tex/generic/iftex/ifvtex.sty
Package: ifvtex 2019/10/25 v1.7 ifvtex legacy package. Use iftex instead.
)
\Gm@cnth=\count286
\Gm@cntv=\count287
\c@Gm@tempcnt=\count288
\Gm@bindingoffset=\dimen156
\Gm@wd@mp=\dimen157
\Gm@odd@mp=\dimen158
\Gm@even@mp=\dimen159
\Gm@layoutwidth=\dimen160
\Gm@layoutheight=\dimen161
\Gm@layouthoffset=\dimen162
\Gm@layoutvoffset=\dimen163
\Gm@dimlist=\toks36
) (/Users/pablo/Library/TinyTeX/texmf-dist/tex/latex/fancyhdr/fancyhdr.sty
Package: fancyhdr 2022/05/18 v4.0.3 Extensive control of page headers and footers
\f@nch@headwidth=\skip63
\f@nch@O@elh=\skip64
\f@nch@O@erh=\skip65
\f@nch@O@olh=\skip66
\f@nch@O@orh=\skip67
\f@nch@O@elf=\skip68
\f@nch@O@erf=\skip69
\f@nch@O@olf=\skip70
\f@nch@O@orf=\skip71
) (/Users/pablo/Library/TinyTeX/texmf-dist/tex/latex/footmisc/footmisc.sty
Package: footmisc 2022/03/08 v6.0d a miscellany of footnote facilities
\FN@temptoken=\toks37
\footnotemargin=\dimen164
\@outputbox@depth=\dimen165
Package footmisc Info: Declaring symbol style bringhurst on input line 695.
Package footmisc Info: Declaring symbol style chicago on input line 703.
Package footmisc Info: Declaring symbol style wiley on input line 712.
Package footmisc Info: Declaring symbol style lamport-robust on input line 723.
Package footmisc Info: Declaring symbol style lamport* on input line 743.
Package footmisc Info: Declaring symbol style lamport*-robust on input line 764.
) (/Users/pablo/Library/TinyTeX/texmf-dist/tex/latex/base/textcomp.sty
Package: textcomp 2020/02/02 v2.0n Standard LaTeX package
) (/Users/pablo/Library/TinyTeX/texmf-dist/tex/latex/tools/array.sty
Package: array 2022/03/10 v2.5f Tabular extension package (FMi)
\col@sep=\dimen166
\ar@mcellbox=\box67
\extrarowheight=\dimen167
\NC@list=\toks38
\extratabsurround=\skip72
\backup@length=\skip73
\ar@cellbox=\box68
) (/Users/pablo/Library/TinyTeX/texmf-dist/tex/latex/hyperref/hyperref.sty
Package: hyperref 2022-06-20 v7.00s Hypertext links for LaTeX
(/Users/pablo/Library/TinyTeX/texmf-dist/tex/generic/ltxcmds/ltxcmds.sty
Package: ltxcmds 2020-05-10 v1.25 LaTeX kernel commands for general use (HO)
) (/Users/pablo/Library/TinyTeX/texmf-dist/tex/generic/pdftexcmds/pdftexcmds.sty
Package: pdftexcmds 2020-06-27 v0.33 Utility functions of pdfTeX for LuaTeX (HO)
(/Users/pablo/Library/TinyTeX/texmf-dist/tex/generic/infwarerr/infwarerr.sty
Package: infwarerr 2019/12/03 v1.5 Providing info/warning/error messages (HO)
)
Package pdftexcmds Info: \pdf@primitive is available.
Package pdftexcmds Info: \pdf@ifprimitive is available.
Package pdftexcmds Info: \pdfdraftmode found.
) (/Users/pablo/Library/TinyTeX/texmf-dist/tex/generic/kvsetkeys/kvsetkeys.sty
Package: kvsetkeys 2019/12/15 v1.18 Key value parser (HO)
) (/Users/pablo/Library/TinyTeX/texmf-dist/tex/generic/kvdefinekeys/kvdefinekeys.sty
Package: kvdefinekeys 2019-12-19 v1.6 Define keys (HO)
) (/Users/pablo/Library/TinyTeX/texmf-dist/tex/generic/pdfescape/pdfescape.sty
Package: pdfescape 2019/12/09 v1.15 Implements pdfTeX's escape features (HO)
) (/Users/pablo/Library/TinyTeX/texmf-dist/tex/latex/hycolor/hycolor.sty
Package: hycolor 2020-01-27 v1.10 Color options for hyperref/bookmark (HO)
) (/Users/pablo/Library/TinyTeX/texmf-dist/tex/latex/letltxmacro/letltxmacro.sty
Package: letltxmacro 2019/12/03 v1.6 Let assignment for LaTeX macros (HO)
) (/Users/pablo/Library/TinyTeX/texmf-dist/tex/latex/auxhook/auxhook.sty
Package: auxhook 2019-12-17 v1.6 Hooks for auxiliary files (HO)
) (/Users/pablo/Library/TinyTeX/texmf-dist/tex/latex/hyperref/nameref.sty
Package: nameref 2022-05-17 v2.50 Cross-referencing by name of section
(/Users/pablo/Library/TinyTeX/texmf-dist/tex/latex/refcount/refcount.sty
Package: refcount 2019/12/15 v3.6 Data extraction from label references (HO)
) (/Users/pablo/Library/TinyTeX/texmf-dist/tex/generic/gettitlestring/gettitlestring.sty
Package: gettitlestring 2019/12/15 v1.6 Cleanup title references (HO)
(/Users/pablo/Library/TinyTeX/texmf-dist/tex/latex/kvoptions/kvoptions.sty
Package: kvoptions 2022-06-15 v3.15 Key value format for package options (HO)
))
\c@section@level=\count289
)
\@linkdim=\dimen168
\Hy@linkcounter=\count290
\Hy@pagecounter=\count291
(/Users/pablo/Library/TinyTeX/texmf-dist/tex/latex/hyperref/pd1enc.def
File: pd1enc.def 2022-06-20 v7.00s Hyperref: PDFDocEncoding definition (HO)
Now handling font encoding PD1 ...
... no UTF-8 mapping file for font encoding PD1
) (/Users/pablo/Library/TinyTeX/texmf-dist/tex/generic/intcalc/intcalc.sty
Package: intcalc 2019/12/15 v1.3 Expandable calculations with integers (HO)
) (/Users/pablo/Library/TinyTeX/texmf-dist/tex/generic/etexcmds/etexcmds.sty
Package: etexcmds 2019/12/15 v1.7 Avoid name clashes with e-TeX commands (HO)
)
\Hy@SavedSpaceFactor=\count292
(/Users/pablo/Library/TinyTeX/texmf-dist/tex/latex/hyperref/puenc.def
File: puenc.def 2022-06-20 v7.00s Hyperref: PDF Unicode definition (HO)
Now handling font encoding PU ...
... no UTF-8 mapping file for font encoding PU
)
Package hyperref Info: Hyper figures OFF on input line 4162.
Package hyperref Info: Link nesting OFF on input line 4167.
Package hyperref Info: Hyper index ON on input line 4170.
Package hyperref Info: Plain pages OFF on input line 4177.
Package hyperref Info: Backreferencing OFF on input line 4182.
Package hyperref Info: Implicit mode ON; LaTeX internals redefined.
Package hyperref Info: Bookmarks ON on input line 4408.
\c@Hy@tempcnt=\count293
(/Users/pablo/Library/TinyTeX/texmf-dist/tex/latex/url/url.sty
\Urlmuskip=\muskip17
Package: url 2013/09/16  ver 3.4  Verb mode for urls, etc.
)
LaTeX Info: Redefining \url on input line 4746.
\XeTeXLinkMargin=\dimen169
(/Users/pablo/Library/TinyTeX/texmf-dist/tex/generic/bitset/bitset.sty
Package: bitset 2019/12/09 v1.3 Handle bit-vector datatype (HO)
(/Users/pablo/Library/TinyTeX/texmf-dist/tex/generic/bigintcalc/bigintcalc.sty
Package: bigintcalc 2019/12/15 v1.5 Expandable calculations on big integers (HO)
))
\Fld@menulength=\count294
\Field@Width=\dimen170
\Fld@charsize=\dimen171
Package hyperref Info: Hyper figures OFF on input line 6024.
Package hyperref Info: Link nesting OFF on input line 6029.
Package hyperref Info: Hyper index ON on input line 6032.
Package hyperref Info: backreferencing OFF on input line 6039.
Package hyperref Info: Link coloring OFF on input line 6044.
Package hyperref Info: Link coloring with OCG OFF on input line 6049.
Package hyperref Info: PDF/A mode OFF on input line 6054.
(/Users/pablo/Library/TinyTeX/texmf-dist/tex/latex/base/atbegshi-ltx.sty
Package: atbegshi-ltx 2021/01/10 v1.0c Emulation of the original atbegshi
package with kernel methods
)
\Hy@abspage=\count295
\c@Item=\count296
\c@Hfootnote=\count297
)
Package hyperref Info: Driver (autodetected): hpdftex.
(/Users/pablo/Library/TinyTeX/texmf-dist/tex/latex/hyperref/hpdftex.def
File: hpdftex.def 2022-06-20 v7.00s Hyperref driver for pdfTeX
(/Users/pablo/Library/TinyTeX/texmf-dist/tex/latex/base/atveryend-ltx.sty
Package: atveryend-ltx 2020/08/19 v1.0a Emulation of the original atveryend package
with kernel methods
)
\Fld@listcount=\count298
\c@bookmark@seq@number=\count299
(/Users/pablo/Library/TinyTeX/texmf-dist/tex/latex/rerunfilecheck/rerunfilecheck.sty
Package: rerunfilecheck 2022-07-10 v1.10 Rerun checks for auxiliary files (HO)
(/Users/pablo/Library/TinyTeX/texmf-dist/tex/generic/uniquecounter/uniquecounter.sty
Package: uniquecounter 2019/12/15 v1.4 Provide unlimited unique counter (HO)
)
Package uniquecounter Info: New unique counter `rerunfilecheck' on input line 285.
)
\Hy@SectionHShift=\skip74
)
Package hyperref Info: Option `breaklinks' set `true' on input line 87.

Package hyperref Warning: Option `bookmarks' has already been used,
(hyperref)                setting the option has no effect on input line 87.

Package hyperref Info: Option `colorlinks' set `true' on input line 87.
(/Users/pablo/Library/TinyTeX/texmf-dist/tex/latex/siunitx/siunitx.sty
Package: siunitx 2022-07-23 v3.1.5 A comprehensive (SI) units package
\l__siunitx_angle_tmp_dim=\dimen172
\l__siunitx_angle_marker_box=\box69
\l__siunitx_angle_unit_box=\box70
\l__siunitx_compound_count_int=\count300
\l__siunitx_number_exponent_fixed_int=\count301
\l__siunitx_number_min_decimal_int=\count302
\l__siunitx_number_min_integer_int=\count303
\l__siunitx_number_round_precision_int=\count304
\l__siunitx_number_group_first_int=\count305
\l__siunitx_number_group_size_int=\count306
\l__siunitx_number_group_minimum_int=\count307
\l__siunitx_table_tmp_box=\box71
\l__siunitx_table_tmp_dim=\dimen173
\l__siunitx_table_column_width_dim=\dimen174
\l__siunitx_table_integer_box=\box72
\l__siunitx_table_decimal_box=\box73
\l__siunitx_table_before_box=\box74
\l__siunitx_table_after_box=\box75
\l__siunitx_table_before_dim=\dimen175
\l__siunitx_table_carry_dim=\dimen176
\l__siunitx_unit_tmp_int=\count308
\l__siunitx_unit_position_int=\count309
\l__siunitx_unit_total_int=\count310
) (/Users/pablo/Library/TinyTeX/texmf-dist/tex/latex/multirow/multirow.sty
Package: multirow 2021/03/15 v2.8 Span multiple rows of a table
\multirow@colwidth=\skip75
\multirow@cntb=\count311
\multirow@dima=\skip76
\bigstrutjot=\dimen177
) (/Users/pablo/Library/TinyTeX/texmf-dist/tex/latex/tools/hhline.sty
Package: hhline 2020/01/04 v2.04 Table rule package (DPC)
) (/Users/pablo/Library/TinyTeX/texmf-dist/tex/latex/tools/calc.sty
Package: calc 2017/05/25 v4.3 Infix arithmetic (KKT,FJ)
\calc@Acount=\count312
\calc@Bcount=\count313
\calc@Adimen=\dimen178
\calc@Bdimen=\dimen179
\calc@Askip=\skip77
\calc@Bskip=\skip78
LaTeX Info: Redefining \setlength on input line 80.
LaTeX Info: Redefining \addtolength on input line 81.
\calc@Ccount=\count314
\calc@Cskip=\skip79
) (/Users/pablo/Library/TinyTeX/texmf-dist/tex/latex/tools/tabularx.sty
Package: tabularx 2020/01/15 v2.11c `tabularx' package (DPC)
\TX@col@width=\dimen180
\TX@old@table=\dimen181
\TX@old@col=\dimen182
\TX@target=\dimen183
\TX@delta=\dimen184
\TX@cols=\count315
\TX@ftn=\toks39
) (/Users/pablo/Library/TinyTeX/texmf-dist/tex/latex/booktabs/booktabs.sty
Package: booktabs 2020/01/12 v1.61803398 Publication quality tables
\heavyrulewidth=\dimen185
\lightrulewidth=\dimen186
\cmidrulewidth=\dimen187
\belowrulesep=\dimen188
\belowbottomsep=\dimen189
\aboverulesep=\dimen190
\abovetopsep=\dimen191
\cmidrulesep=\dimen192
\cmidrulekern=\dimen193
\defaultaddspace=\dimen194
\@cmidla=\count316
\@cmidlb=\count317
\@aboverulesep=\dimen195
\@belowrulesep=\dimen196
\@thisruleclass=\count318
\@lastruleclass=\count319
\@thisrulewidth=\dimen197
) (/Users/pablo/Library/TinyTeX/texmf-dist/tex/latex/caption/caption.sty
Package: caption 2022/03/01 v3.6b Customizing captions (AR)
(/Users/pablo/Library/TinyTeX/texmf-dist/tex/latex/caption/caption3.sty
Package: caption3 2022/03/17 v2.3b caption3 kernel (AR)
\caption@tempdima=\dimen198
\captionmargin=\dimen199
\caption@leftmargin=\dimen256
\caption@rightmargin=\dimen257
\caption@width=\dimen258
\caption@indent=\dimen259
\caption@parindent=\dimen260
\caption@hangindent=\dimen261
Package caption Info: elsarticle document class detected.
(/Users/pablo/Library/TinyTeX/texmf-dist/tex/latex/caption/caption-elsarticle.sto
File: caption-elsarticle.sto 2020/08/22 v2.0 Adaption of the caption package to the elsarticle document class (AR)
))
\c@caption@flags=\count320
\c@continuedfloat=\count321
Package caption Info: float package is loaded.
Package caption Info: hyperref package is loaded.
Package caption Info: longtable package is loaded.
(/Users/pablo/Library/TinyTeX/texmf-dist/tex/latex/caption/ltcaption.sty
Package: ltcaption 2021/01/08 v1.4c longtable captions (AR)
))
\cslhangindent=\skip80
(/Users/pablo/Library/TinyTeX/texmf-dist/tex/latex/upquote/upquote.sty
Package: upquote 2012/04/19 v1.3 upright-quote and grave-accent glyphs in verbatim
) (/Users/pablo/Library/TinyTeX/texmf-dist/tex/generic/ulem/ulem.sty
\UL@box=\box76
\UL@hyphenbox=\box77
\UL@skip=\skip81
\UL@hook=\toks40
\UL@height=\dimen262
\UL@pe=\count322
\UL@pixel=\dimen263
\ULC@box=\box78
Package: ulem 2019/11/18
\ULdepth=\dimen264
) (/Users/pablo/Library/TinyTeX/texmf-dist/tex/latex/colortbl/colortbl.sty
Package: colortbl 2020/01/04 v1.0e Color table columns (DPC)
(/Users/pablo/Library/TinyTeX/texmf-dist/tex/latex/graphics/color.sty
Package: color 2022/01/06 v1.3d Standard LaTeX Color (DPC)
(/Users/pablo/Library/TinyTeX/texmf-dist/tex/latex/graphics-cfg/color.cfg
File: color.cfg 2016/01/02 v1.6 sample color configuration
)
Package color Info: Driver file: pdftex.def on input line 149.
(/Users/pablo/Library/TinyTeX/texmf-dist/tex/latex/graphics/mathcolor.ltx))
\everycr=\toks41
\minrowclearance=\skip82
) (/Users/pablo/Library/TinyTeX/texmf-dist/tex/latex/threeparttable/threeparttable.sty
Package: threeparttable 2003/06/13  v 3.0
\@tempboxb=\box79
) (/Users/pablo/Library/TinyTeX/texmf-dist/tex/latex/wrapfig/wrapfig.sty
\wrapoverhang=\dimen265
\WF@size=\dimen266
\c@WF@wrappedlines=\count323
\WF@box=\box80
\WF@everypar=\toks42
Package: wrapfig 2003/01/31  v 3.6
) (/Users/pablo/Library/TinyTeX/texmf-dist/tex/latex/adjustbox/adjustbox.sty
Package: adjustbox 2020/08/19 v1.3 Adjusting TeX boxes (trim, clip, ...)
(/Users/pablo/Library/TinyTeX/texmf-dist/tex/latex/xkeyval/xkeyval.sty
Package: xkeyval 2022/06/16 v2.9 package option processing (HA)
(/Users/pablo/Library/TinyTeX/texmf-dist/tex/generic/xkeyval/xkeyval.tex (/Users/pablo/Library/TinyTeX/texmf-dist/tex/generic/xkeyval/xkvutils.tex
\XKV@toks=\toks43
\XKV@tempa@toks=\toks44
)
\XKV@depth=\count324
File: xkeyval.tex 2014/12/03 v2.7a key=value parser (HA)
)) (/Users/pablo/Library/TinyTeX/texmf-dist/tex/latex/adjustbox/adjcalc.sty
Package: adjcalc 2012/05/16 v1.1 Provides advanced setlength with multiple back-ends (calc, etex, pgfmath)
) (/Users/pablo/Library/TinyTeX/texmf-dist/tex/latex/adjustbox/trimclip.sty
Package: trimclip 2020/08/19 v1.2 Trim and clip general TeX material
(/Users/pablo/Library/TinyTeX/texmf-dist/tex/latex/collectbox/collectbox.sty
Package: collectbox 2012/05/17 v0.4b Collect macro arguments as boxes
\collectedbox=\box81
)
\tc@llx=\dimen267
\tc@lly=\dimen268
\tc@urx=\dimen269
\tc@ury=\dimen270
Package trimclip Info: Using driver 'tc-pdftex.def'.
(/Users/pablo/Library/TinyTeX/texmf-dist/tex/latex/adjustbox/tc-pdftex.def
File: tc-pdftex.def 2019/01/04 v2.2 Clipping driver for pdftex
))
\adjbox@Width=\dimen271
\adjbox@Height=\dimen272
\adjbox@Depth=\dimen273
\adjbox@Totalheight=\dimen274
\adjbox@pwidth=\dimen275
\adjbox@pheight=\dimen276
\adjbox@pdepth=\dimen277
\adjbox@ptotalheight=\dimen278
) (./Thesis_WriteUp.aux

LaTeX Warning: Label `novelty' multiply defined.


LaTeX Warning: Label `Figure9' multiply defined.


LaTeX Warning: Label `Figure9' multiply defined.


LaTeX Warning: Label `Figure9' multiply defined.


LaTeX Warning: Label `Figure9' multiply defined.

)
\openout1 = `Thesis_WriteUp.aux'.

LaTeX Font Info:    Checking defaults for OML/cmm/m/it on input line 180.
LaTeX Font Info:    ... okay on input line 180.
LaTeX Font Info:    Checking defaults for OMS/cmsy/m/n on input line 180.
LaTeX Font Info:    ... okay on input line 180.
LaTeX Font Info:    Checking defaults for OT1/cmr/m/n on input line 180.
LaTeX Font Info:    ... okay on input line 180.
LaTeX Font Info:    Checking defaults for T1/cmr/m/n on input line 180.
LaTeX Font Info:    ... okay on input line 180.
LaTeX Font Info:    Checking defaults for TS1/cmr/m/n on input line 180.
LaTeX Font Info:    ... okay on input line 180.
LaTeX Font Info:    Checking defaults for OMX/cmex/m/n on input line 180.
LaTeX Font Info:    ... okay on input line 180.
LaTeX Font Info:    Checking defaults for U/cmr/m/n on input line 180.
LaTeX Font Info:    ... okay on input line 180.
LaTeX Font Info:    Checking defaults for PD1/pdf/m/n on input line 180.
LaTeX Font Info:    ... okay on input line 180.
LaTeX Font Info:    Checking defaults for PU/pdf/m/n on input line 180.
LaTeX Font Info:    ... okay on input line 180.
(/Users/pablo/Library/TinyTeX/texmf-dist/tex/latex/epstopdf-pkg/epstopdf-base.sty
Package: epstopdf-base 2020-01-24 v2.11 Base part for package epstopdf
Package epstopdf-base Info: Redefining graphics rule for `.eps' on input line 485.
(/Users/pablo/Library/TinyTeX/texmf-dist/tex/latex/latexconfig/epstopdf-sys.cfg
File: epstopdf-sys.cfg 2010/07/13 v1.3 Configuration of (r)epstopdf for TeX Live
))
*geometry* driver: auto-detecting
*geometry* detected driver: pdftex
*geometry* verbose mode - [ preamble ] result:
* driver: pdftex
* paper: <default>
* layout: <same size as paper>
* layoutoffset:(h,v)=(0.0pt,0.0pt)
* modes: includefoot 
* h-part:(L,W,R)=(65.44142pt, 483.41216pt, 65.44142pt)
* v-part:(T,H,B)=(71.13188pt, 666.9326pt, 56.9055pt)
* \paperwidth=614.295pt
* \paperheight=794.96999pt
* \textwidth=483.41216pt
* \textheight=636.9326pt
* \oddsidemargin=-6.82857pt
* \evensidemargin=-6.82857pt
* \topmargin=-38.1381pt
* \headheight=12.0pt
* \headsep=25.0pt
* \topskip=11.0pt
* \footskip=30.0pt
* \marginparwidth=59.0pt
* \marginparsep=10.0pt
* \columnsep=10.0pt
* \skip\footins=24.0pt
* \hoffset=0.0pt
* \voffset=0.0pt
* \mag=1000
* \@twocolumnfalse
* \@twosidefalse
* \@mparswitchfalse
* \@reversemarginfalse
* (1in=72.27pt=25.4mm, 1cm=28.453pt)

Package hyperref Info: Link coloring ON on input line 180.
(./Thesis_WriteUp.out) (./Thesis_WriteUp.out)
\@outlinefile=\write4
\openout4 = `Thesis_WriteUp.out'.

Package caption Info: Begin \AtBeginDocument code.
Package caption Info: threeparttable package is loaded.
Package caption Info: wrapfig package is loaded.
Package caption Info: End \AtBeginDocument code.
LaTeX Font Info:    Trying to load font information for OT1+lmr on input line 194.
(/Users/pablo/Library/TinyTeX/texmf-dist/tex/latex/lm/ot1lmr.fd
File: ot1lmr.fd 2015/05/01 v1.6.1 Font defs for Latin Modern
)
LaTeX Font Info:    Trying to load font information for OML+lmm on input line 194.
(/Users/pablo/Library/TinyTeX/texmf-dist/tex/latex/lm/omllmm.fd
File: omllmm.fd 2015/05/01 v1.6.1 Font defs for Latin Modern
)
LaTeX Font Info:    Trying to load font information for OMS+lmsy on input line 194.
(/Users/pablo/Library/TinyTeX/texmf-dist/tex/latex/lm/omslmsy.fd
File: omslmsy.fd 2015/05/01 v1.6.1 Font defs for Latin Modern
)
LaTeX Font Info:    Trying to load font information for OMX+lmex on input line 194.
(/Users/pablo/Library/TinyTeX/texmf-dist/tex/latex/lm/omxlmex.fd
File: omxlmex.fd 2015/05/01 v1.6.1 Font defs for Latin Modern
)
LaTeX Font Info:    External font `lmex10' loaded for size
(Font)              <17.28> on input line 194.
LaTeX Font Info:    External font `lmex10' loaded for size
(Font)              <12> on input line 194.
LaTeX Font Info:    External font `lmex10' loaded for size
(Font)              <10> on input line 194.
LaTeX Font Info:    Trying to load font information for U+msa on input line 194.
(/Users/pablo/Library/TinyTeX/texmf-dist/tex/latex/amsfonts/umsa.fd
File: umsa.fd 2013/01/14 v3.01 AMS symbols A
)
LaTeX Font Info:    Trying to load font information for U+msb on input line 194.
(/Users/pablo/Library/TinyTeX/texmf-dist/tex/latex/amsfonts/umsb.fd
File: umsb.fd 2013/01/14 v3.01 AMS symbols B
)
LaTeX Font Info:    External font `lmex10' loaded for size
(Font)              <9> on input line 203.
LaTeX Font Info:    External font `lmex10' loaded for size
(Font)              <6> on input line 203.
LaTeX Font Info:    External font `lmex10' loaded for size
(Font)              <5> on input line 203.
<Stellenbosch_University_Logo.jpeg, id=197, 1027.84pt x 739.76375pt>
File: Stellenbosch_University_Logo.jpeg Graphic file (type jpg)
<use Stellenbosch_University_Logo.jpeg>
Package pdftex.def Info: Stellenbosch_University_Logo.jpeg  used on input line 207.
(pdftex.def)             Requested size: 108.76883pt x 78.28139pt.
LaTeX Font Info:    External font `lmex10' loaded for size
(Font)              <10.95> on input line 229.
LaTeX Font Info:    External font `lmex10' loaded for size
(Font)              <8> on input line 229.
[1

]
Overfull \vbox (59.0406pt too high) has occurred while \output is active []

[2{/Users/pablo/Library/TinyTeX/texmf-var/fonts/map/pdftex/updmap/pdftex.map} <./Stellenbosch_University_Logo.jpeg>] (./Thesis_WriteUp.toc [3


] [4])
\tf@toc=\write5
\openout5 = `Thesis_WriteUp.toc'.

[5] [6] [7] [8] [9] [10] [11] [12] [13] [14] [15] [16]
<Images/Word2Vec_model.png, id=516, 419.385pt x 373.395pt>
File: Images/Word2Vec_model.png Graphic file (type png)
<use Images/Word2Vec_model.png>
Package pdftex.def Info: Images/Word2Vec_model.png  used on input line 1050.
(pdftex.def)             Requested size: 419.38396pt x 373.39409pt.
[17] [18 <./Images/Word2Vec_model.png>]
<Images/Doc2Vec_distributed_memory.png, id=536, 442.599pt x 507.861pt>
File: Images/Doc2Vec_distributed_memory.png Graphic file (type png)
<use Images/Doc2Vec_distributed_memory.png>
Package pdftex.def Info: Images/Doc2Vec_distributed_memory.png  used on input line 1091.
(pdftex.def)             Requested size: 442.59792pt x 507.85976pt.
[19]
<Images/Doc2Vec_distributed_bow.png, id=542, 427.488pt x 431.43pt>
File: Images/Doc2Vec_distributed_bow.png Graphic file (type png)
<use Images/Doc2Vec_distributed_bow.png>
Package pdftex.def Info: Images/Doc2Vec_distributed_bow.png  used on input line 1097.
(pdftex.def)             Requested size: 427.48695pt x 431.42892pt.
[20 <./Images/Doc2Vec_distributed_memory.png>] [21 <./Images/Doc2Vec_distributed_bow.png>] [22]
<Thesis_WriteUp_files/figure-latex/GSPC_figure_4-1.png, id=562, 433.62pt x 216.81pt>
File: Thesis_WriteUp_files/figure-latex/GSPC_figure_4-1.png Graphic file (type png)
<use Thesis_WriteUp_files/figure-latex/GSPC_figure_4-1.png>
Package pdftex.def Info: Thesis_WriteUp_files/figure-latex/GSPC_figure_4-1.png  used on input line 1202.
(pdftex.def)             Requested size: 433.61894pt x 216.80946pt.
<Thesis_WriteUp_files/figure-latex/GSPC_figure_5-1.png, id=563, 433.62pt x 216.81pt>
File: Thesis_WriteUp_files/figure-latex/GSPC_figure_5-1.png Graphic file (type png)
<use Thesis_WriteUp_files/figure-latex/GSPC_figure_5-1.png>
Package pdftex.def Info: Thesis_WriteUp_files/figure-latex/GSPC_figure_5-1.png  used on input line 1211.
(pdftex.def)             Requested size: 433.61894pt x 216.80946pt.
[23 <./Thesis_WriteUp_files/figure-latex/GSPC_figure_4-1.png>]
<Thesis_WriteUp_files/figure-latex/GSPC_figure_6-1.png, id=576, 433.62pt x 216.81pt>
File: Thesis_WriteUp_files/figure-latex/GSPC_figure_6-1.png Graphic file (type png)
<use Thesis_WriteUp_files/figure-latex/GSPC_figure_6-1.png>
Package pdftex.def Info: Thesis_WriteUp_files/figure-latex/GSPC_figure_6-1.png  used on input line 1251.
(pdftex.def)             Requested size: 433.61894pt x 216.80946pt.
[24 <./Thesis_WriteUp_files/figure-latex/GSPC_figure_5-1.png>]
<Thesis_WriteUp_files/figure-latex/GSPC_figure_7-1.png, id=593, 433.62pt x 216.81pt>
File: Thesis_WriteUp_files/figure-latex/GSPC_figure_7-1.png Graphic file (type png)
<use Thesis_WriteUp_files/figure-latex/GSPC_figure_7-1.png>
Package pdftex.def Info: Thesis_WriteUp_files/figure-latex/GSPC_figure_7-1.png  used on input line 1260.
(pdftex.def)             Requested size: 433.61894pt x 216.80946pt.
<Thesis_WriteUp_files/figure-latex/GSPC_figure_8-1.png, id=594, 433.62pt x 216.81pt>
File: Thesis_WriteUp_files/figure-latex/GSPC_figure_8-1.png Graphic file (type png)
<use Thesis_WriteUp_files/figure-latex/GSPC_figure_8-1.png>
Package pdftex.def Info: Thesis_WriteUp_files/figure-latex/GSPC_figure_8-1.png  used on input line 1269.
(pdftex.def)             Requested size: 433.61894pt x 216.80946pt.
[25 <./Thesis_WriteUp_files/figure-latex/GSPC_figure_6-1.png> <./Thesis_WriteUp_files/figure-latex/GSPC_figure_7-1.png>]
<Thesis_WriteUp_files/figure-latex/ARCH_figure_9-1.png, id=619, 433.62pt x 216.81pt>
File: Thesis_WriteUp_files/figure-latex/ARCH_figure_9-1.png Graphic file (type png)
<use Thesis_WriteUp_files/figure-latex/ARCH_figure_9-1.png>
Package pdftex.def Info: Thesis_WriteUp_files/figure-latex/ARCH_figure_9-1.png  used on input line 1317.
(pdftex.def)             Requested size: 433.61894pt x 216.80946pt.
[26 <./Thesis_WriteUp_files/figure-latex/GSPC_figure_8-1.png>]
<Thesis_WriteUp_files/figure-latex/ARCH_figure_10-1.png, id=638, 433.62pt x 252.945pt>
File: Thesis_WriteUp_files/figure-latex/ARCH_figure_10-1.png Graphic file (type png)
<use Thesis_WriteUp_files/figure-latex/ARCH_figure_10-1.png>
Package pdftex.def Info: Thesis_WriteUp_files/figure-latex/ARCH_figure_10-1.png  used on input line 1354.
(pdftex.def)             Requested size: 433.61894pt x 252.94438pt.
[27 <./Thesis_WriteUp_files/figure-latex/ARCH_figure_9-1.png>]
<Thesis_WriteUp_files/figure-latex/ARCH_figure_11-1.png, id=649, 433.62pt x 252.945pt>
File: Thesis_WriteUp_files/figure-latex/ARCH_figure_11-1.png Graphic file (type png)
<use Thesis_WriteUp_files/figure-latex/ARCH_figure_11-1.png>
Package pdftex.def Info: Thesis_WriteUp_files/figure-latex/ARCH_figure_11-1.png  used on input line 1363.
(pdftex.def)             Requested size: 433.61894pt x 252.94438pt.
<Thesis_WriteUp_files/figure-latex/ARCH_figure_12-1.png, id=650, 433.62pt x 252.945pt>
File: Thesis_WriteUp_files/figure-latex/ARCH_figure_12-1.png Graphic file (type png)
<use Thesis_WriteUp_files/figure-latex/ARCH_figure_12-1.png>
Package pdftex.def Info: Thesis_WriteUp_files/figure-latex/ARCH_figure_12-1.png  used on input line 1372.
(pdftex.def)             Requested size: 433.61894pt x 252.94438pt.
[28 <./Thesis_WriteUp_files/figure-latex/ARCH_figure_10-1.png> <./Thesis_WriteUp_files/figure-latex/ARCH_figure_11-1.png>]
<Thesis_WriteUp_files/figure-latex/ARCH_figure_13-1.png, id=667, 433.62pt x 252.945pt>
File: Thesis_WriteUp_files/figure-latex/ARCH_figure_13-1.png Graphic file (type png)
<use Thesis_WriteUp_files/figure-latex/ARCH_figure_13-1.png>
Package pdftex.def Info: Thesis_WriteUp_files/figure-latex/ARCH_figure_13-1.png  used on input line 1381.
(pdftex.def)             Requested size: 433.61894pt x 252.94438pt.
[29 <./Thesis_WriteUp_files/figure-latex/ARCH_figure_12-1.png> <./Thesis_WriteUp_files/figure-latex/ARCH_figure_13-1.png>] [30] [31] [32] [33] [34] [35] [36]
<Thesis_WriteUp_files/figure-latex/Figure1-1.png, id=738, 433.62pt x 216.81pt>
File: Thesis_WriteUp_files/figure-latex/Figure1-1.png Graphic file (type png)
<use Thesis_WriteUp_files/figure-latex/Figure1-1.png>
Package pdftex.def Info: Thesis_WriteUp_files/figure-latex/Figure1-1.png  used on input line 1788.
(pdftex.def)             Requested size: 433.61894pt x 216.80946pt.
<Thesis_WriteUp_files/figure-latex/Figure2-1.png, id=739, 433.62pt x 216.81pt>
File: Thesis_WriteUp_files/figure-latex/Figure2-1.png Graphic file (type png)
<use Thesis_WriteUp_files/figure-latex/Figure2-1.png>
Package pdftex.def Info: Thesis_WriteUp_files/figure-latex/Figure2-1.png  used on input line 1802.
(pdftex.def)             Requested size: 433.61894pt x 216.80946pt.
[37 <./Thesis_WriteUp_files/figure-latex/Figure1-1.png>] [38 <./Thesis_WriteUp_files/figure-latex/Figure2-1.png>] [39]
pdfTeX warning (ext4): destination with the same identifier (name{table.2}) has been already used, duplicate ignored
<to be read again> 
                   \relax 
l.1964 \end{longtable}
                       [40] [41]
LaTeX Font Info:    External font `lmex10' loaded for size
(Font)              <14> on input line 2097.
LaTeX Font Info:    Trying to load font information for TS1+lmr on input line 2118.
(/Users/pablo/Library/TinyTeX/texmf-dist/tex/latex/lm/ts1lmr.fd
File: ts1lmr.fd 2015/05/01 v1.6.1 Font defs for Latin Modern
) [42] [43] [44] [45]
Underfull \hbox (badness 10000) in paragraph at lines 2324--2327
\T1/lmr/m/n/10.95 201325635200 & period2 = 1641340800 & interval = 1d & ^^\lter = history & frequency = 1d & includeAdj %
 []

No file Thesis_WriteUp.bbl.
[46] (./Thesis_WriteUp.aux)

LaTeX Warning: There were multiply-defined labels.

Package rerunfilecheck Info: File `Thesis_WriteUp.out' has not changed.
(rerunfilecheck)             Checksum: 2F397DB016095D58BB6145D53645F7A2;8539.
 ) 
Here is how much of TeX's memory you used:
 18080 strings out of 479983
 340015 string characters out of 5887212
 628399 words of memory out of 5000000
 35726 multiletter control sequences out of 15000+600000
 559408 words of font info for 93 fonts, out of 8000000 for 9000
 14 hyphenation exceptions out of 8191
 72i,17n,77p,557b,1030s stack positions out of 10000i,1000n,20000p,200000b,200000s
{/Users/pablo/Library/TinyTeX/texmf-dist/fonts/enc/dvips/lm/lm-ts1.enc}{/Users/pablo/Library/TinyTeX/texmf-dist/fonts/enc/dvips/lm/lm-mathit.enc}{/Users/pablo/Library/TinyTeX/texmf-dist/fonts/enc/dvips/lm/lm-rm.enc}{/Users/pablo/Library/TinyTeX/texmf-dist/fonts/enc/dvips/lm/lm-mathsy.enc}{/Users/pablo/Library/TinyTeX/texmf-dist/fonts/enc/dvips/lm/lm-mathex.enc}{/Users/pablo/Library/TinyTeX/texmf-dist/fonts/enc/dvips/lm/lm-ec.enc}</Users/pablo/Library/TinyTeX/texmf-dist/fonts/type1/public/lm/lmbx10.pfb></Users/pablo/Library/TinyTeX/texmf-dist/fonts/type1/public/lm/lmbx12.pfb></Users/pablo/Library/TinyTeX/texmf-dist/fonts/type1/public/lm/lmbx9.pfb></Users/pablo/Library/TinyTeX/texmf-dist/fonts/type1/public/lm/lmex10.pfb></Users/pablo/Library/TinyTeX/texmf-dist/fonts/type1/public/lm/lmmi10.pfb></Users/pablo/Library/TinyTeX/texmf-dist/fonts/type1/public/lm/lmmi12.pfb></Users/pablo/Library/TinyTeX/texmf-dist/fonts/type1/public/lm/lmmi8.pfb></Users/pablo/Library/TinyTeX/texmf-dist/fonts/type1/public/lm/lmr10.pfb></Users/pablo/Library/TinyTeX/texmf-dist/fonts/type1/public/lm/lmr12.pfb></Users/pablo/Library/TinyTeX/texmf-dist/fonts/type1/public/lm/lmr17.pfb></Users/pablo/Library/TinyTeX/texmf-dist/fonts/type1/public/lm/lmr6.pfb></Users/pablo/Library/TinyTeX/texmf-dist/fonts/type1/public/lm/lmr8.pfb></Users/pablo/Library/TinyTeX/texmf-dist/fonts/type1/public/lm/lmr9.pfb></Users/pablo/Library/TinyTeX/texmf-dist/fonts/type1/public/lm/lmri10.pfb></Users/pablo/Library/TinyTeX/texmf-dist/fonts/type1/public/lm/lmri12.pfb></Users/pablo/Library/TinyTeX/texmf-dist/fonts/type1/public/lm/lmri7.pfb></Users/pablo/Library/TinyTeX/texmf-dist/fonts/type1/public/lm/lmri9.pfb></Users/pablo/Library/TinyTeX/texmf-dist/fonts/type1/public/lm/lmsy10.pfb></Users/pablo/Library/TinyTeX/texmf-dist/fonts/type1/public/lm/lmsy8.pfb>
Output written on Thesis_WriteUp.pdf (46 pages, 1650773 bytes).
PDF statistics:
 985 PDF objects out of 1000 (max. 8388607)
 855 compressed objects within 9 object streams
 226 named destinations out of 1000 (max. 500000)
 465 words of extra memory for PDF output out of 10000 (max. 10000000)

